0000000000
0000000000
0000000000
0000000000
0000000000
0000000000
0000000000
0000000000
0000000000
0000000000
0000000000
0000000000
0000000000
0000000000
0000000000
0000000000
0000000000
0000000000
0000000000
0000000000
0000000000
0000000000
0000000000
0000000000
0000000000
0000000000
0000000000
0000000000
0000000000
0000000000
0000000000
0000000000
0000000000
0000000000
0000000000
0000000000
0000000000
0000000000
0000000000
0000000000
0000000000
0000000000
0000000000
0000000000
0000000000
0000000000
0000000000
0000000000
0000000000
0000000000
3000000000
2000000000
1000000000
1000000000
3000000000
2000000000
2000000000
2000000000
2000000000
3000000000
3000000000
2000000000
1000000000
3000000000
2000000000
3000000000
3200000003
1100000003
2300000003
2200000001
1100200003
1300200003
2200300002
1200100011
2100100033
2200200032
1300200023
2100200112
2100200321
2300100111
2100100332
1100300331
3300200123
1300102221
3100103232
3102103313
2112202111
3212201231
3323321122
1311113333
